<?xml version="1.0" encoding="UTF-8"?>
<testsuite xmlns:xsi="http://www.w3.org/2001/XMLSchema-instance" xsi:noNamespaceSchemaLocation="https://maven.apache.org/surefire/maven-surefire-plugin/xsd/surefire-test-report-3.0.xsd" version="3.0" name="com.login_jwt.api_login_jwt.ApiLoginJwtApplicationTests" time="5.417" tests="1" errors="0" skipped="0" failures="0">
  <properties>
[...]
</properties>
  <testcase name="contextLoads" classname="com.login_jwt.api_login_jwt.ApiLoginJwtApplicationTests" time="0.414">
    <system-out><![CDATA[21:55:29.194 [main] INFO org.springframework.test.context.support.AnnotationConfigContextLoaderUtils -- Could not detect default configuration classes for test class [com.login_jwt.api_login_jwt.ApiLoginJwtApplicationTests]: ApiLoginJwtApplicationTests does not declare any static, non-private, non-final, nested classes annotated with @Configuration.
21:55:29.284 [main] INFO org.springframework.boot.test.context.SpringBootTestContextBootstrapper -- Found @SpringBootConfiguration com.login_jwt.api_login_jwt.ApiLoginJwtApplication for test class com.login_jwt.api_login_jwt.ApiLoginJwtApplicationTests
21:55:29.484 [main] INFO org.springframework.boot.devtools.restart.RestartApplicationListener -- Restart disabled due to context in which it is running

  .   ____          _            __ _ _
 /\\ / ___'_ __ _ _(_)_ __  __ _ \ \ \ \
( ( )\___ | '_ | '_| | '_ \/ _` | \ \ \ \
 \\/  ___)| |_)| | | | | || (_| |  ) ) ) )
  '  |____| .__|_| |_|_| |_\__, | / / / /
 =========|_|==============|___/=/_/_/_/
 :: Spring Boot ::                (v3.2.5)

2024-08-14T21:55:29.764-03:00  INFO 12948 --- [api_login_jwt] [           main] c.l.a.ApiLoginJwtApplicationTests        : Starting ApiLoginJwtApplicationTests using Java 17.0.11 with PID 12948 (started by Lucas in C:\Users\Lucas\Documents\Github\api_login_jwt)
2024-08-14T21:55:29.764-03:00  INFO 12948 --- [api_login_jwt] [           main] c.l.a.ApiLoginJwtApplicationTests        : No active profile set, falling back to 1 default profile: "default"
2024-08-14T21:55:30.534-03:00  INFO 12948 --- [api_login_jwt] [           main] .s.d.r.c.RepositoryConfigurationDelegate : Bootstrapping Spring Data JPA repositories in DEFAULT mode.
2024-08-14T21:55:30.630-03:00  INFO 12948 --- [api_login_jwt] [           main] .s.d.r.c.RepositoryConfigurationDelegate : Finished Spring Data repository scanning in 68 ms. Found 2 JPA repository interfaces.
2024-08-14T21:55:31.170-03:00  INFO 12948 --- [api_login_jwt] [           main] o.hibernate.jpa.internal.util.LogHelper  : HHH000204: Processing PersistenceUnitInfo [name: default]
2024-08-14T21:55:31.229-03:00  INFO 12948 --- [api_login_jwt] [           main] org.hibernate.Version                    : HHH000412: Hibernate ORM core version 6.4.4.Final
2024-08-14T21:55:31.266-03:00  INFO 12948 --- [api_login_jwt] [           main] o.h.c.internal.RegionFactoryInitiator    : HHH000026: Second-level cache disabled
2024-08-14T21:55:31.564-03:00  INFO 12948 --- [api_login_jwt] [           main] o.s.o.j.p.SpringPersistenceUnitInfo      : No LoadTimeWeaver setup: ignoring JPA class transformer
2024-08-14T21:55:31.612-03:00  INFO 12948 --- [api_login_jwt] [           main] com.zaxxer.hikari.HikariDataSource       : HikariPool-1 - Starting...
2024-08-14T21:55:31.811-03:00  INFO 12948 --- [api_login_jwt] [           main] com.zaxxer.hikari.pool.HikariPool        : HikariPool-1 - Added connection org.postgresql.jdbc.PgConnection@40faff12
2024-08-14T21:55:31.814-03:00  INFO 12948 --- [api_login_jwt] [           main] com.zaxxer.hikari.HikariDataSource       : HikariPool-1 - Start completed.
2024-08-14T21:55:31.844-03:00  WARN 12948 --- [api_login_jwt] [           main] org.hibernate.orm.deprecation            : HHH90000025: PostgreSQLDialect does not need to be specified explicitly using 'hibernate.dialect' (remove the property setting and it will be selected by default)
2024-08-14T21:55:32.845-03:00  INFO 12948 --- [api_login_jwt] [           main] o.h.e.t.j.p.i.JtaPlatformInitiator       : HHH000489: No JTA platform available (set 'hibernate.transaction.jta.platform' to enable JTA platform integration)
2024-08-14T21:55:32.924-03:00  INFO 12948 --- [api_login_jwt] [           main] j.LocalContainerEntityManagerFactoryBean : Initialized JPA EntityManagerFactory for persistence unit 'default'
2024-08-14T21:55:33.324-03:00  WARN 12948 --- [api_login_jwt] [           main] JpaBaseConfiguration$JpaWebConfiguration : spring.jpa.open-in-view is enabled by default. Therefore, database queries may be performed during view rendering. Explicitly configure spring.jpa.open-in-view to disable this warning
2024-08-14T21:55:33.344-03:00  WARN 12948 --- [api_login_jwt] [           main] .s.s.UserDetailsServiceAutoConfiguration : 

Using generated security password: 5c5e2b33-a9ee-4f6c-9988-eed6ec5b53ee

This generated password is for development use only. Your security configuration must be updated before running your application in production.

2024-08-14T21:55:33.654-03:00  INFO 12948 --- [api_login_jwt] [           main] o.s.s.web.DefaultSecurityFilterChain     : Will secure any request with [org.springframework.security.web.session.DisableEncodeUrlFilter@5b3c2a9f, org.springframework.security.web.context.request.async.WebAsyncManagerIntegrationFilter@535b4dbf, org.springframework.security.web.context.SecurityContextHolderFilter@423d662a, org.springframework.security.web.header.HeaderWriterFilter@24f77077, org.springframework.web.filter.CorsFilter@4f571c0e, org.springframework.security.web.authentication.logout.LogoutFilter@41736818, org.springframework.security.web.savedrequest.RequestCacheAwareFilter@4a249610, org.springframework.security.web.servletapi.SecurityContextHolderAwareRequestFilter@ebbbe20, org.springframework.security.web.authentication.AnonymousAuthenticationFilter@c7cbc2d, org.springframework.security.web.access.ExceptionTranslationFilter@2eb31735, org.springframework.security.web.access.intercept.AuthorizationFilter@5f1a3c4]
2024-08-14T21:55:34.025-03:00  INFO 12948 --- [api_login_jwt] [           main] c.l.a.ApiLoginJwtApplicationTests        : Started ApiLoginJwtApplicationTests in 4.559 seconds (process running for 5.543)
]]></system-out>
  </testcase>
</testsuite>